
> backend@1.0.0 dev
> wrangler dev


 ⛅️ wrangler 3.114.10 (update available 4.21.2)
-----------------------------------------------

[33m▲ [43;33m[[43;30mWARNING[43;33m][0m [1mThe version of Wrangler you are using is now out-of-date.[0m

  Please update to the latest version to prevent critical errors.
  Run `npm install --save-dev wrangler@4` to update to the latest version.
  After installation, run Wrangler with `npx wrangler`.


Your Worker and resources are simulated locally via Miniflare. For more information, see: https://developers.cloudflare.com/workers/testing/local-development.

Your worker has access to the following bindings:
- Vars:
  - ENVIRONMENT: "development"
⎔ Starting local server...
[wrangler-UserWorker:wrn] The latest compatibility date supported by the installed Cloudflare Workers Runtime is "2025-04-08",
but you've requested "2025-06-20". Falling back to "2025-04-08"...
Features enabled by your requested compatibility date may not be available.
Upgrade to `wrangler@4.21.2` to remove this warning.
[31m✘ [41;31m[[41;97mERROR[41;31m][0m [1mAddress already in use (127.0.0.1:8787). Please check that you are not already running a server on this address or specify a different port with --port.[0m



[31m✘ [41;31m[[41;97mERROR[41;31m][0m [1mThe Workers runtime failed to start. There is likely additional logging output above.[0m


[32mIf you think this is a bug then please create an issue at https://github.com/cloudflare/workers-sdk/issues/new/choose[0m
Note that there is a newer version of Wrangler available (4.21.2). Consider checking whether upgrading resolves this error.
? Would you like to report this error to Cloudflare? Wrangler's output and the error details will be shared with the Wrangler team to help us diagnose and fix the issue.
🤖 Using fallback value in non-interactive context: no
🪵  Logs were written to "/Users/shaunie/Library/Preferences/.wrangler/logs/wrangler-2025-06-26_08-29-33_299.log"
